<?xml version="1.0" encoding="UTF-8"?>
<!-- Generated by org.testng.reporters.JUnitReportReporter -->
<testsuite hostname="LAPTOP-Q11377DQ" failures="0" tests="1" name="Tests.Smoke" time="25.911" errors="0" timestamp="2023-03-11T18:38:55 IST" skipped="0">
  <testcase classname="Tests.Smoke" name="loginLogout" time="25.911"/>
  <system-out/>
</testsuite> <!-- Tests.Smoke -->
